0:100  0:100  MemLog inited, TSC freq: 4040266070
0:100  0:000  CPU was calibrated with RTC
0:100  0:000  
0:100  0:000  Now is 7.1.2019,  22:2:18 (GMT)
0:100  0:000  Starting Clover revision: 4722 on American Megatrends EFI
0:100  0:000  Build with: [Args: -D NO_GRUB_DRIVERS_EMBEDDED -t XCODE8 | -D NO_GRUB_DRIVERS_EMBEDDED -D USE_LOW_EBDA -a X64 -b RELEASE -t XCODE8 -n 5 | OS: 10.13.6 | XCODE: 10.0]
0:100  0:000  SelfDevicePath=PciRoot(0x0)\Pci(0x1B,0x0)\Pci(0x0,0x0)\NVMe(0x1,25-0F-B0-71-54-38-25-00)\HD(1,GPT,C38DD6A2-6E00-48C6-99A5-4FBA98EA08EF,0x28,0x64000) @39465B98
0:100  0:000  SelfDirPath = \EFI\BOOT
0:100  0:000  === [ Get Smbios ] ========================================
0:100  0:000  Type 16 Index = 0
0:100  0:000  Total Memory Slots Count = 4
0:100  0:000  Type 17 Index = 0
0:100  0:000  SmbiosTable.Type17->Speed = 3000MHz
0:100  0:000  SmbiosTable.Type17->Size = 16384MB
0:100  0:000  SmbiosTable.Type17->Bank/Device = BANK 0 ChannelA-DIMM0
0:100  0:000  SmbiosTable.Type17->Vendor = 04CD
0:100  0:000  SmbiosTable.Type17->SerialNumber = 00000000
0:100  0:000  SmbiosTable.Type17->PartNumber = F4-3000C15-16GVR    
0:100  0:000  Type 17 Index = 1
0:100  0:000  SmbiosTable.Type17->Speed = 3000MHz
0:100  0:000  SmbiosTable.Type17->Size = 16384MB
0:100  0:000  SmbiosTable.Type17->Bank/Device = BANK 1 ChannelA-DIMM1
0:100  0:000  SmbiosTable.Type17->Vendor = 04CD
0:100  0:000  SmbiosTable.Type17->SerialNumber = 00000000
0:100  0:000  SmbiosTable.Type17->PartNumber = F4-3000C15-16GVR    
0:100  0:000  Type 17 Index = 2
0:100  0:000  SmbiosTable.Type17->Speed = 3000MHz
0:100  0:000  SmbiosTable.Type17->Size = 16384MB
0:100  0:000  SmbiosTable.Type17->Bank/Device = BANK 2 ChannelB-DIMM0
0:100  0:000  SmbiosTable.Type17->Vendor = 04CD
0:100  0:000  SmbiosTable.Type17->SerialNumber = 00000000
0:100  0:000  SmbiosTable.Type17->PartNumber = F4-3000C15-16GVR    
0:100  0:000  Type 17 Index = 3
0:100  0:000  SmbiosTable.Type17->Speed = 3000MHz
0:100  0:000  SmbiosTable.Type17->Size = 16384MB
0:100  0:000  SmbiosTable.Type17->Bank/Device = BANK 3 ChannelB-DIMM1
0:100  0:000  SmbiosTable.Type17->Vendor = 04CD
0:100  0:000  SmbiosTable.Type17->SerialNumber = 00000000
0:100  0:000  SmbiosTable.Type17->PartNumber = F4-3000C15-16GVR    
0:100  0:000  Boot status=0
0:100  0:000  Running on: 'Z390 AORUS MASTER' with board 'Z390 AORUS MASTER-CF'
0:100  0:000  === [ GetCPUProperties ] ==================================
0:100  0:000  CPU Vendor = 756E6547 Model=906EA
0:100  0:000   The CPU supported SSE4.1
0:100  0:000  BrandString = Intel(R) Core(TM) i7-8086K CPU @ 4.00GHz
0:100  0:000   The CPU supported turbo
0:100  0:000  MSR 0x35               6000C
0:100  0:000   TSC/CCC Information Leaf:
0:100  0:000    numerator     : 334
0:100  0:000    denominator   : 2
0:100  0:000   Calibrated ARTFrequency: 24193210
0:100  0:000  MSR 0xE2 before patch 1E008000
0:100  0:000  MSR 0xE2 is locked, PM patches will be turned on
0:100  0:000  MSR 0xCE              08080838_F1012800
0:100  0:000  corrected FLEX_RATIO = E0000
0:100  0:000  FSBFrequency = 130 MHz, DMI FSBFrequency = 100 MHz, Corrected FSBFrequency = 100 MHz
0:100  0:000  MaxDiv/MinDiv: 40.0/8
0:100  0:000  Turbo: 52/52/52/52
0:100  0:000  Features: 0xBFEBFBFF
0:100  0:000  Threads: 12
0:100  0:000  Cores: 6
0:100  0:000  FSB: 100 MHz
0:100  0:000  CPU: 5200 MHz
0:100  0:000  TSC: 5200 MHz
0:100  0:000  PIS: 100 MHz
0:100  0:000  ExternalClock: 25 MHz
0:100  0:000  === [ GetDevices ] ========================================
0:100  0:000  PCI (00|00:00.00) : 8086 3EC2 class=060000
0:100  0:000  PCI (00|00:01.00) : 8086 1901 class=060400
0:100  0:000  PCI (00|01:00.00) : 1022 1470 class=060400
0:100  0:000  PCI (00|02:00.00) : 1022 1471 class=060400
0:101  0:000  PCI (00|03:00.00) : 1002 687F class=030000
0:101  0:000   - GFX: Model=AMD Radeon Vega 64 (ATI/AMD)
0:101  0:000  PCI (00|03:00.01) : 1002 AAF8 class=040300
0:101  0:000   - HDMI Audio: 
0:101  0:000  PCI (00|00:12.00) : 8086 A379 class=118000
0:101  0:000  PCI (00|00:14.00) : 8086 A36D class=0C0330
0:101  0:000  PCI (00|00:14.02) : 8086 A36F class=050000
0:101  0:000  PCI (00|00:14.03) : 8086 A370 class=028000
0:101  0:000   - WIFI: Vendor=Intel
0:101  0:000  PCI (00|00:16.00) : 8086 A360 class=078000
0:101  0:000  PCI (00|00:17.00) : 8086 A352 class=010601
0:101  0:000  PCI (00|00:1B.00) : 8086 A340 class=060400
0:101  0:000  PCI (00|04:00.00) : 144D A804 class=010802
0:101  0:000  PCI (00|00:1B.04) : 8086 A32C class=060400
0:101  0:000  PCI (00|05:00.00) : 8086 15EA class=060400
0:101  0:000  PCI (00|06:00.00) : 8086 15EA class=060400
0:101  0:000  PCI (00|07:00.00) : 8086 15EB class=088000
0:101  0:000  PCI (00|06:01.00) : 8086 15EA class=060400
0:101  0:000  PCI (00|08:00.00) : 8086 15D3 class=060400
0:101  0:000  PCI (00|09:01.00) : 8086 15D3 class=060400
0:101  0:000  PCI (00|0A:00.00) : 1B73 1100 class=0C0330
0:101  0:000  PCI (00|06:02.00) : 8086 15EA class=060400
0:101  0:000  PCI (00|3B:00.00) : 8086 15EC class=0C0330
0:101  0:000  PCI (00|06:04.00) : 8086 15EA class=060400
0:101  0:000  PCI (00|00:1C.00) : 8086 A338 class=060400
0:101  0:000  PCI (00|00:1C.07) : 8086 A33F class=060400
0:101  0:000  PCI (00|71:00.00) : 14E4 43A0 class=028000
0:101  0:000   - WIFI: Vendor=Broadcom
0:101  0:000  PCI (00|00:1D.00) : 8086 A330 class=060400
0:101  0:000  PCI (00|72:00.00) : 144D A802 class=010802
0:101  0:000  PCI (00|00:1F.00) : 8086 A305 class=060100
0:101  0:000  PCI (00|00:1F.03) : 8086 A348 class=040300
0:101  0:000  PCI (00|00:1F.04) : 8086 A323 class=0C0500
0:101  0:000  PCI (00|00:1F.05) : 8086 A324 class=0C8000
0:101  0:000  PCI (00|00:1F.06) : 8086 15BC class=020000
0:101  0:000   - LAN: 0 Vendor=Intel
0:101  0:000  === [ GetDefaultSettings ] ================================
0:101  0:000  Clover load options size = 0 bytes
0:102  0:001  EFI\CLOVER\config.plist loaded: Success
0:107  0:004  === [ GetListOfThemes ] ===================================
0:107  0:000  - [00]: random
0:107  0:000  - [00]: embedded
0:108  0:000  - [00]: Login
0:108  0:000  === [ Found config plists ] ===============================
0:109  0:000  - config.plist
0:109  0:000  === [ GetEarlyUserSettings ] ==============================
0:109  0:000  timeout set to 3
0:109  0:000  Custom boot CUSTOM_BOOT_DISABLED (0x0)
0:109  0:000  KextsToPatch: 3 requested
0:109  0:000   - [00]: AppleGraphicsDevicePolicy ((c)Pike R. Alpha) :: BinPatch :: data len: 8
0:109  0:000   - [01]: IOAHCIBlockStorage (Trim Enabler) :: BinPatch :: data len: 10
0:109  0:000   - [02]: com.apple.driver.usb.AppleUSBXHCI (Mojave 10.14.1 and 10.14.2) :: BinPatch :: data len: 9
0:109  0:000   - patch disabled at config
0:109  0:000  KernelToPatch: 1 requested
0:109  0:000   - [00]: xcpm_core_scope_msrs © Pike R. Alpha :: data len: 12
0:109  0:000  Default theme: Login
0:109  0:000  Hiding entries with string Preboot
0:109  0:000  Hiding entries with string Windows
0:109  0:000  Hiding entries with string Recovery
0:109  0:000  === [ LoadDrivers ] =======================================
0:210  0:100  Loading AppleKeyFeeder-64.efi  status=Success
0:210  0:000  Loading PartitionDxe-64.efi  status=Success
0:211  0:000   - driver needs connecting
0:211  0:000  Loading AppleImageCodec-64.efi  status=Success
0:211  0:000  Loading AppleUITheme-64.efi  status=Success
0:212  0:000  Loading DataHubDxe-64.efi  status=Success
0:214  0:001  Loading AppleKeyAggregator-64.efi  status=Success
0:214  0:000  Loading VBoxHfs-64.efi  status=Success
0:215  0:000   - driver needs connecting
0:215  0:000  Loading FSInject-64.efi  status=Success
0:215  0:000  Loading FirmwareVolume-64.efi  status=Success
0:216  0:000  Loading Fat-64.efi  status=Success
0:217  0:000   - driver needs connecting
0:217  0:000  Loading ApfsDriverLoader-64.efi  status=Success
0:217  0:000   - driver needs connecting
0:217  0:000  Loading SMCHelper-64.efi  status=Success
0:218  0:000  Loading OsxAptioFix2Drv-64.efi  status=Success
0:218  0:000  4 drivers needs connecting ...
0:218  0:000  PlatformDriverOverrideProtocol not found. Installing ... Success
0:218  0:000  Partition driver loaded: 
0:218  0:000  APFS driver loaded
0:218  0:000  Searching for invalid DiskIo BY_DRIVER connects: not found, all ok
2:662  2:443  === [ InitScreen ] ========================================
2:662  0:000  SetScreenResolution: 2560x1600 - not found!
2:662  0:000  SetMaxResolution: found best mode 0: 2560x1440
2:662  0:000   - already set
2:662  0:000  Console modes reported: 5, available modes:
2:662  0:000   - [01]: 80x25 (current mode)
2:662  0:000   - [02]: 80x50
2:662  0:000   - [03]: 100x31
2:662  0:000   - [04]: 127x33
2:662  0:000   - [05]: 100x60
2:662  0:000  reinit: self device path=PciRoot(0x0)\Pci(0x1B,0x0)\Pci(0x0,0x0)\NVMe(0x1,25-0F-B0-71-54-38-25-00)\HD(1,GPT,C38DD6A2-6E00-48C6-99A5-4FBA98EA08EF,0x28,0x64000)
2:662  0:000  === [ GetMacAddress ] =====================================
2:662  0:000  MAC address of LAN #0= E0:D5:5E:E3:26:0A:
2:662  0:000  === [ ScanSPD ] ===========================================
2:663  0:000  SMBus device : 8086 A323 class=0C0500 status=Success
2:663  0:000  SMBus CmdReg: 0x3
2:663  0:000  Scanning SMBus [8086:A323], mmio: 0x4A11A004, ioport: 0xEFA0, hostc: 0x11
2:663  0:000  Slots to scan [8]...
2:664  0:000  SPD[0]: Type 12 @0x50
2:767  0:103  spd byte read taking too long for byte 50:325!
2:877  0:109  spd byte read taking too long for byte 50:339!
2:879  0:002  XMP Profile1: 6*125 -84 ns
2:879  0:000  Found module with XMP version 2.0
2:879  0:000  Using XMP Profile1 instead of standard frequency 2132MHz
2:879  0:000  DDR speed 3003MHz
2:879  0:000  Slot: 0 Type 26 16384MB 3003MHz Vendor=G Skill Intl PartNo=F4-3000C15-16GVR SerialNo=0000000000000000
2:880  0:000  SPD[1]: Type 12 @0x51
2:985  0:105  spd byte read taking too long for byte 51:384!
3:095  0:109  spd byte read taking too long for byte 51:343!
3:095  0:000  XMP Profile1: 6*125 -84 ns
3:095  0:000  Found module with XMP version 2.0
3:095  0:000  Using XMP Profile1 instead of standard frequency 2132MHz
3:095  0:000  DDR speed 3003MHz
3:095  0:000  Slot: 1 Type 26 16384MB 3003MHz Vendor=G Skill Intl PartNo=F4-3000C15-16GVR SerialNo=0000000000000000
3:096  0:000  SPD[2]: Type 12 @0x52
3:212  0:115  spd byte read taking too long for byte 52:345!
3:212  0:000  XMP Profile1: 6*125 -84 ns
3:212  0:000  Found module with XMP version 2.0
3:212  0:000  Using XMP Profile1 instead of standard frequency 2132MHz
3:212  0:000  DDR speed 3003MHz
3:212  0:000  Slot: 2 Type 26 16384MB 3003MHz Vendor=G Skill Intl PartNo=F4-3000C15-16GVR SerialNo=0000000000000000
3:213  0:000  SPD[3]: Type 12 @0x53
3:321  0:108  spd byte read taking too long for byte 53:329!
3:329  0:007  XMP Profile1: 6*125 -84 ns
3:329  0:000  Found module with XMP version 2.0
3:329  0:000  Using XMP Profile1 instead of standard frequency 2132MHz
3:329  0:000  DDR speed 3003MHz
3:329  0:000  Slot: 3 Type 26 16384MB 3003MHz Vendor=G Skill Intl PartNo=F4-3000C15-16GVR SerialNo=0000000000000000
3:329  0:000  === [ GetAcpiTablesList ] =================================
3:429  0:100  Get Acpi Tables List from RSDT:
3:429  0:000   - [00]: FACP  A M I len=132
3:429  0:000   - [01]: APIC  A M I len=244
3:429  0:000   - [02]: FPDT  A M I len=68
3:429  0:000   - [03]: FIDT  A M I len=156
3:429  0:000   - [04]: MCFG  A M I len=60
3:429  0:000   - [05]: SSDT  A M I len=516
3:429  0:000   - [06]: SSDT  A M I len=6101
3:429  0:000   - [07]: SSDT  A M I len=41691
3:429  0:000   - [08]: SSDT  A M I len=12743
3:429  0:000   - [09]: SSDT  A M I len=9048
3:429  0:000   - [10]: HPET  A M I len=56
3:429  0:000   - [11]: SSDT  A M I len=3998
3:429  0:000   - [12]: SSDT  A M I len=11547
3:429  0:000   - [13]: UEFI  A M I len=72
3:429  0:000   - [14]: LPIT  A M I len=92
3:429  0:000   - [15]: SSDT  A M I len=10206
3:429  0:000   - [16]: SSDT  A M I len=4094
3:429  0:000   - [17]: DBGP  A M I len=52
3:429  0:000   - [18]: DBG2  A M I len=84
3:429  0:000   - [19]: VFCT  A M I len=60548
3:429  0:000   - [20]: BGRT  A M I len=56
3:429  0:000   - [21]: WSMT  A M I len=40
3:429  0:000  Calibrated TSC Frequency = 4040266070 = 4040MHz
3:429  0:000  === [ GetUserSettings ] ===================================
3:429  0:000  USB FixOwnership: yes
3:429  0:000  Dropping 1 tables:
3:429  0:000   - [00]: Drop table  signature="DMAR" (52414D44)
3:429  0:000           - set table: 52414D44,                0 to drop: no
3:429  0:000   - final DSDT Fix mask=00060054
3:429  0:000  PatchesDSDT: 4 requested
3:429  0:000   - [00]: (_DSM -> XDSM) lenToFind: 4, lenToReplace: 4, Target Bridge: <null string>
3:429  0:000   - [01]: (change HECI to IMEI) lenToFind: 4, lenToReplace: 4, Target Bridge: <null string>
3:429  0:000   - [02]: (change GFX0 to IGPU) lenToFind: 4, lenToReplace: 4, Target Bridge: <null string>
3:429  0:000   - [03]: (change GLAN to ETH0) lenToFind: 4, lenToReplace: 4, Target Bridge: <null string>
3:429  0:000  Using ProductName from config: iMacPro1,1
3:429  0:000  Found same BiosVersion in clover and config
3:429  0:000  BiosVersion: IMP11.88Z.0064.B30.1712081714
3:429  0:000  BiosReleaseDate: 12/08/2017
3:429  0:000  Using EfiVersion from clover: 220.200.252.0.0
3:429  0:000  Using FirmwareFeatures from config: 0xFD8FF53E
3:429  0:000  Using FirmwareFeaturesMask from config: 0xFF9FFF3F
3:429  0:000  Board-ID set from config as Mac-7BA5B2D9E42DDD94
3:429  0:000  BoardType: 0xA
3:429  0:000  ChassisType: 0x9
3:429  0:000  CpuFreq: 5200MHz
3:429  0:000  CpuType: 0
3:430  0:000  === [ Found DSDT tables ] =================================
3:656  0:226  === [ ScanVolumes ] =======================================
3:656  0:000  Found 25 volumes with blockIO
3:656  0:000  - [00]: Volume: PciRoot(0x0)\Pci(0x17,0x0)\Sata(0x0,0xFFFF,0x0)
3:657  0:000  - [01]: Volume: PciRoot(0x0)\Pci(0x17,0x0)\Sata(0x2,0xFFFF,0x0)
3:657  0:000  - [02]: Volume: PciRoot(0x0)\Pci(0x17,0x0)\Sata(0x3,0xFFFF,0x0)
3:659  0:001  - [03]: Volume: PciRoot(0x0)\Pci(0x17,0x0)\Sata(0x0,0xFFFF,0x0)\HD(1,GPT,B00D45D6-CEDA-4F32-AB0F-380E85903DE6,0x28,0x64000)
3:659  0:000          Result of bootcode detection: bootable unknown (legacy)
3:660  0:000  - [04]: Volume: PciRoot(0x0)\Pci(0x17,0x0)\Sata(0x0,0xFFFF,0x0)\HD(2,GPT,01F3185C-2C3D-4E46-81C7-67C26C1B68AB,0x64028,0x15D466360)
3:661  0:000  - [05]: Volume: PciRoot(0x0)\Pci(0x17,0x0)\Sata(0x2,0xFFFF,0x0)\HD(1,GPT,4BFE653A-C3FF-47D9-89EC-D8DAB53CA91B,0x28,0x64000)
3:661  0:000          Result of bootcode detection: bootable unknown (legacy)
3:662  0:000  - [06]: Volume: PciRoot(0x0)\Pci(0x17,0x0)\Sata(0x2,0xFFFF,0x0)\HD(2,GPT,1DEA006F-027F-4BEB-A085-5B473626F3B9,0x64028,0x3A2E1FE0)
3:662  0:000  - [07]: Volume: PciRoot(0x0)\Pci(0x17,0x0)\Sata(0x3,0xFFFF,0x0)\HD(1,GPT,0676A319-9771-4299-A07D-DFF374099673,0x800,0xF9800)
3:663  0:000          Result of bootcode detection: bootable Windows (vista,win)
3:663  0:000  - [08]: Volume: PciRoot(0x0)\Pci(0x17,0x0)\Sata(0x3,0xFFFF,0x0)\HD(2,GPT,540117A7-7741-42AB-86BE-A22D3B2C4A0E,0xFA000,0x32000)
3:663  0:000          Result of bootcode detection: bootable Windows (vista,win)
3:664  0:000  - [09]: Volume: PciRoot(0x0)\Pci(0x17,0x0)\Sata(0x3,0xFFFF,0x0)\HD(3,GPT,121A05CC-E761-4715-A96A-BBED3FA3B865,0x12C000,0x8000)
3:665  0:000  - [10]: Volume: PciRoot(0x0)\Pci(0x17,0x0)\Sata(0x3,0xFFFF,0x0)\HD(4,GPT,1B867814-AB91-4927-95F1-56C841309A9B,0x134000,0x1DBBE0CF)
3:665  0:000          Result of bootcode detection: bootable Windows (vista,win)
3:665  0:000  - [11]: Volume: PciRoot(0x0)\Pci(0x1B,0x0)\Pci(0x0,0x0)\NVMe(0x1,25-0F-B0-71-54-38-25-00)
3:665  0:000  - [12]: Volume: PciRoot(0x0)\Pci(0x1B,0x0)\Pci(0x0,0x0)\NVMe(0x1,25-0F-B0-71-54-38-25-00)\HD(1,GPT,C38DD6A2-6E00-48C6-99A5-4FBA98EA08EF,0x28,0x64000)
3:666  0:000          Result of bootcode detection: bootable unknown (legacy)
3:666  0:000          This is SelfVolume !!
3:666  0:000  - [13]: Volume: PciRoot(0x0)\Pci(0x1B,0x0)\Pci(0x0,0x0)\NVMe(0x1,25-0F-B0-71-54-38-25-00)\HD(2,GPT,72F90428-2FBD-413B-A1D9-5BAEA0498510,0x64028,0x3A321FE0)
3:666  0:000          Result of bootcode detection: bootable unknown (legacy)
3:766  0:099  - [14]: Volume: PciRoot(0x0)\Pci(0x1D,0x0)\Pci(0x0,0x0)\Unit(0x1)
3:766  0:000  - [15]: Volume: PciRoot(0x0)\Pci(0x1D,0x0)\Pci(0x0,0x0)\Unit(0x1)\HD(1,GPT,77676147-184A-4D2C-B223-3F779B2E084B,0x28,0x64000)
3:766  0:000          Result of bootcode detection: bootable unknown (legacy)
3:766  0:000  - [16]: Volume: PciRoot(0x0)\Pci(0x1D,0x0)\Pci(0x0,0x0)\Unit(0x1)\HD(2,GPT,84995876-7189-4D7D-A086-8E677FB0D8EC,0x64028,0x3B97D260)
3:766  0:000          Result of bootcode detection: bootable unknown (legacy)
3:766  0:000  - [17]: Volume: PciRoot(0x0)\Pci(0x1B,0x0)\Pci(0x0,0x0)\NVMe(0x1,25-0F-B0-71-54-38-25-00)\HD(2,GPT,72F90428-2FBD-413B-A1D9-5BAEA0498510,0x64028,0x3A321FE0)\VenMedia(BE74FCF7-0B7C-49F3-9147-01F4042E6842,2632CB0E78F12D4E8067362865B8492E)
3:766  0:000          hiding this volume
3:766  0:000  - [18]: Volume: PciRoot(0x0)\Pci(0x1B,0x0)\Pci(0x0,0x0)\NVMe(0x1,25-0F-B0-71-54-38-25-00)\HD(2,GPT,72F90428-2FBD-413B-A1D9-5BAEA0498510,0x64028,0x3A321FE0)\VenMedia(BE74FCF7-0B7C-49F3-9147-01F4042E6842,304AADA16A27103DB36BF7564916ED9F)
3:766  0:000  - [19]: Volume: PciRoot(0x0)\Pci(0x1B,0x0)\Pci(0x0,0x0)\NVMe(0x1,25-0F-B0-71-54-38-25-00)\HD(2,GPT,72F90428-2FBD-413B-A1D9-5BAEA0498510,0x64028,0x3A321FE0)\VenMedia(BE74FCF7-0B7C-49F3-9147-01F4042E6842,95E4F44FFBEA71438C793613DA967CD2)
3:766  0:000          hiding this volume
3:766  0:000  - [20]: Volume: PciRoot(0x0)\Pci(0x1B,0x0)\Pci(0x0,0x0)\NVMe(0x1,25-0F-B0-71-54-38-25-00)\HD(2,GPT,72F90428-2FBD-413B-A1D9-5BAEA0498510,0x64028,0x3A321FE0)\VenMedia(BE74FCF7-0B7C-49F3-9147-01F4042E6842,B12FF1D601B2B041B8B9E774C89A7FFD)
3:766  0:000  - [21]: Volume: PciRoot(0x0)\Pci(0x1D,0x0)\Pci(0x0,0x0)\Unit(0x1)\HD(2,GPT,84995876-7189-4D7D-A086-8E677FB0D8EC,0x64028,0x3B97D260)\VenMedia(BE74FCF7-0B7C-49F3-9147-01F4042E6842,AB46016AF032D743B645015AFCE7568C)
3:766  0:000          hiding this volume
3:766  0:000  - [22]: Volume: PciRoot(0x0)\Pci(0x1D,0x0)\Pci(0x0,0x0)\Unit(0x1)\HD(2,GPT,84995876-7189-4D7D-A086-8E677FB0D8EC,0x64028,0x3B97D260)\VenMedia(BE74FCF7-0B7C-49F3-9147-01F4042E6842,BD6A422AE709993E9967204334B2E645)
3:766  0:000  - [23]: Volume: PciRoot(0x0)\Pci(0x1D,0x0)\Pci(0x0,0x0)\Unit(0x1)\HD(2,GPT,84995876-7189-4D7D-A086-8E677FB0D8EC,0x64028,0x3B97D260)\VenMedia(BE74FCF7-0B7C-49F3-9147-01F4042E6842,DE6B7B6892C3BE4E9982F62D301093F2)
3:766  0:000          hiding this volume
3:766  0:000  - [24]: Volume: PciRoot(0x0)\Pci(0x1D,0x0)\Pci(0x0,0x0)\Unit(0x1)\HD(2,GPT,84995876-7189-4D7D-A086-8E677FB0D8EC,0x64028,0x3B97D260)\VenMedia(BE74FCF7-0B7C-49F3-9147-01F4042E6842,81E45C33FF460246A5F7FD0EFB455C10)
3:766  0:000  === [ InitTheme ] =========================================
3:767  0:000  Using theme 'Login' (EFI\CLOVER\themes\Login)
3:767  0:000  OS main and drive as badge
3:768  0:000  Loading font from ThemeDir: Success
3:768  0:000  Chosen theme Login
3:768  0:000  after NVRAM boot-args=agdpmod=ignore keepsyms=1 darkwake=0 debug=0x100 -v slide=0
3:768  0:000  === [ Dump SMC keys from NVRAM ] ==========================
3:768  0:000  found AppleSMC protocol
5:614  1:845  Registered 16 SMC keys
5:616  0:002  === [ ScanLoader ] ========================================
5:616  0:000  - [03]: 'EFI'
5:629  0:013  - [04]: 'Media Storage'
5:653  0:023  - [05]: 'EFI'
5:700  0:046          AddLoaderEntry for Volume Name=EFI
5:700  0:000          skipped because entry is hidden
5:700  0:000  - [06]: 'Document Storage'
5:702  0:001  - [08]: 'EFI'
5:713  0:011          AddLoaderEntry for Volume Name=EFI
5:725  0:011          AddLoaderEntry for Volume Name=EFI
5:725  0:000          skipped because entry is hidden
5:725  0:000  - [12]: 'EFI'
5:726  0:001          AddLoaderEntry for Volume Name=EFI
5:726  0:000          skipped because entry is hidden
5:726  0:000  - [15]: 'EFI'
5:726  0:000          AddLoaderEntry for Volume Name=EFI
5:726  0:000          skipped because entry is hidden
5:726  0:000  - [17]: 'Preboot', hidden
5:726  0:000  - [18]: 'Z390MS'
5:832  0:105          AddLoaderEntry for Volume Name=Z390MS
5:856  0:023      Check if volume Is Hibernated:
5:856  0:000      Check sleep image 'by signature':
5:886  0:029      read prefs \Library\Preferences\com.apple.PowerManagement.plist status=Success
5:886  0:000      using default sleep image name = \private\var\vm\sleepimage
5:897  0:011      sleepimage not found -> Not Found
5:897  0:000      hibernated: no - sign
5:898  0:000          [!] Icon 18 (icons\vol_internal_apfs.icns) not found (path: EFI\CLOVER\themes\Login)
5:909  0:011  - [19]: 'Recovery', hidden
5:909  0:000  - [20]: 'VM'
5:909  0:000  - [21]: 'Preboot', hidden
5:909  0:000  - [22]: 'CJ'
6:005  0:095          AddLoaderEntry for Volume Name=CJ
6:028  0:022      Check if volume Is Hibernated:
6:028  0:000      Check sleep image 'by signature':
6:056  0:028      read prefs \Library\Preferences\com.apple.PowerManagement.plist status=Success
6:056  0:000      using default sleep image name = \private\var\vm\sleepimage
6:067  0:011      sleepimage not found -> Not Found
6:067  0:000      hibernated: no - sign
6:078  0:010  - [23]: 'Recovery', hidden
6:078  0:000  - [24]: 'VM'
6:078  0:000  === [ AddCustomTool ] =====================================
6:078  0:000  found tool \EFI\CLOVER\tools\Shell64U.efi
6:078  0:000  Checking EFI partition Volume 3 for Clover
6:080  0:001  Checking EFI partition Volume 5 for Clover
6:122  0:041   Found Clover
6:123  0:001  === [ GetEfiBootDeviceFromNvram ] =========================
6:124  0:000   - found entry 1. 'Boot macOS from Z390MS', Volume 'Z390MS', DevicePath 'PciRoot(0x0)\Pci(0x1B,0x0)\Pci(0x0,0x0)\NVMe(0x1,25-0F-B0-71-54-38-25-00)\HD(2,GPT,72F90428-2FBD-413B-A1D9-5BAEA0498510,0x64028,0x3A321FE0)\VenMedia(BE74FCF7-0B7C-49F3-9147-01F4042E6842,304AADA16A27103DB36BF7564916ED9F)\System\Library\CoreServices\boot.efii'
6:124  0:000  DefaultIndex=1 and MainMenu.EntryCount=9
6:124  0:000  banner file not read
6:238  0:113  MouseBirth: No mouse at ConIn, checking if any other device exists
6:239  0:001  GUI ready
8:761  2:522  Found BIOS RSDP at F05B0
8:761  0:000  Printing ACPI tables from RSDP F05B0 ...
8:761  0:000   F05B0: 'RSD PTR ', Rev: 0 (Acpi 1.0), Len: 20
8:761  0:000    (Rsdt: 3068F028)
8:761  0:000    3068F028: 'RSDT', 'A M I', Rev: 1, Len: 124
8:761  0:000    Tables in Rsdt: 22
8:761  0:000    0. 3068F190: 'FACP', 'A M I', Rev: 2, Len: 132
8:761  0:000        (Dsdt: 3068F218, Facs: 3E0F6040)
8:761  0:000        3068F218: 'DSDT', 'A M I', Rev: 2, Len: 265391
8:763  0:002        3E0F6040: 'FACS', Ver: 0, Len: 64
8:763  0:000    1. 306CFFE0: 'APIC', 'A M I', Rev: 4, Len: 244
8:763  0:000    2. 306D00D8: 'FPDT', 'A M I', Rev: 1, Len: 68
8:763  0:000    3. 306D0120: 'FIDT', 'A M I', Rev: 1, Len: 156
8:763  0:000    4. 306D01C0: 'MCFG', 'A M I', Rev: 1, Len: 60
8:763  0:000    5. 306D0200: 'SSDT', 'A M I', Rev: 1, Len: 516
8:763  0:000    6. 306D0408: 'SSDT', 'A M I', Rev: 2, Len: 6101
8:763  0:000    7. 306D1BE0: 'SSDT', 'A M I', Rev: 1, Len: 41691
8:763  0:000    8. 306DBEC0: 'SSDT', 'A M I', Rev: 2, Len: 12743
8:763  0:000    9. 306DF088: 'SSDT', 'A M I', Rev: 2, Len: 9048
8:763  0:000    10. 306E13E0: 'HPET', 'A M I', Rev: 1, Len: 56
8:763  0:000    11. 306E1418: 'SSDT', 'A M I', Rev: 2, Len: 3998
8:763  0:000    12. 306E23B8: 'SSDT', 'A M I', Rev: 2, Len: 11547
8:763  0:000    13. 306E50D8: 'UEFI', 'A M I', Rev: 1, Len: 72
8:763  0:000    14. 306E5120: 'LPIT', 'A M I', Rev: 1, Len: 92
8:763  0:000    15. 306E5180: 'SSDT', 'A M I', Rev: 2, Len: 10206
8:763  0:000    16. 306E7960: 'SSDT', 'A M I', Rev: 2, Len: 4094
8:763  0:000    17. 306E8960: 'DBGP', 'A M I', Rev: 1, Len: 52
8:763  0:000    18. 306E8998: 'DBG2', 'A M I', Rev: 0, Len: 84
8:763  0:000    19. 306E89F0: 'VFCT', 'A M I', Rev: 1, Len: 60548
8:763  0:000    20. 306F7678: 'BGRT', 'A M I', Rev: 1, Len: 56
8:763  0:000    21. 306F76B0: 'WSMT', 'A M I', Rev: 1, Len: 40
8:763  0:000  Found UEFI Acpi 2.0 RSDP at 3068F000
8:763  0:000  Saving ACPI tables from RSDP 3068F000 to EFI\CLOVER\ACPI\origin ...
8:763  0:000   3068F000: 'RSD PTR ', Rev: 2 (Acpi 2.0 or newer), Len: 36 -> RSDP.amlnot written Success
8:771  0:008  
8:771  0:000    (Xsdt: 3068F0A8, Rsdt: 3068F028)
8:771  0:000    3068F0A8: 'XSDT', 'A M I', Rev: 1, Len: 212 -> XSDT.amlnot written Success
8:779  0:007  
8:779  0:000    3068F028: 'RSDT', 'A M I', Rev: 1, Len: 124 -> RSDT.amlnot written Success
8:786  0:007  
8:786  0:000    Tables in Xsdt: 22
8:786  0:000    0. 306CFEC8: 'FACP', 'A M I', Rev: 6, Len: 276 -> FACP.amlnot written Success
8:798  0:011  
8:798  0:000        (Dsdt: 3068F218, Facs: 3E0F6080, XDsdt: 3068F218, XFacs: 0)
8:798  0:000        3068F218: 'DSDT', 'A M I', Rev: 2, Len: 265391 -> DSDT.amlnot written Success
8:811  0:013  
8:813  0:002        3E0F6080: 'FACS', Ver: 2, Len: 64 -> FACS.amlnot written Success
8:821  0:007  
8:821  0:000    1. 306CFFE0: 'APIC', 'A M I', Rev: 4, Len: 244 -> APIC.amlnot written Success
8:829  0:007  
8:829  0:000    2. 306D00D8: 'FPDT', 'A M I', Rev: 1, Len: 68 -> FPDT.amlnot written Success
8:837  0:007  
8:837  0:000    3. 306D0120: 'FIDT', 'A M I', Rev: 1, Len: 156 -> FIDT.amlnot written Success
8:845  0:007  
8:845  0:000    4. 306D01C0: 'MCFG', 'A M I', Rev: 1, Len: 60 -> MCFG.amlnot written Success
8:852  0:007  
8:852  0:000    5. 306D0200: 'SSDT', 'A M I', Rev: 1, Len: 516 -> SSDT-0-A M I.amlnot written Success
8:861  0:008  
8:861  0:000    6. 306D0408: 'SSDT', 'A M I', Rev: 2, Len: 6101 -> SSDT-1-A M I.amlnot written Success
8:868  0:007   (Found hidden SSDT 7 pcs)
8:868  0:000        * 3DF1E298: 'SSDT', 'Cpu0Ist', Rev: 2, Len: 2064  53 53 44 54 10 08 00 00 02 6C 50 6D 52 65 66 00 Internal length = 2064not written Success
8:876  0:007   -> SSDT-x1_0-Cpu0Ist.aml
8:876  0:000        * 3DF0C018: 'SSDT', 'ApIst', Rev: 2, Len: 3825  53 53 44 54 F1 0E 00 00 02 ED 50 6D 52 65 66 00 Internal length = 3825not written Success
8:884  0:007   -> SSDT-x1_1-ApIst.aml
8:884  0:000        * 3DF0B018: 'SSDT', 'Cpu0Cst', Rev: 2, Len: 1024  53 53 44 54 00 04 00 00 02 D9 50 6D 52 65 66 00 Internal length = 1024not written Success
8:892  0:007   -> SSDT-x1_2-Cpu0Cst.aml
8:892  0:000        * 3DF0DC18: 'SSDT', 'ApCst', Rev: 2, Len: 778  53 53 44 54 0A 03 00 00 02 E9 50 6D 52 65 66 00 Internal length = 778not written Success
8:900  0:008   -> SSDT-x1_3-ApCst.aml
8:900  0:000        * 3DF0D018: 'SSDT', 'Cpu0Hwp', Rev: 2, Len: 283  53 53 44 54 1B 01 00 00 02 61 50 6D 52 65 66 00 Internal length = 283not written Success
8:908  0:007   -> SSDT-x1_4-Cpu0Hwp.aml
8:908  0:000        * 3DF0B698: 'SSDT', 'ApHwp', Rev: 2, Len: 791  53 53 44 54 17 03 00 00 02 E3 50 6D 52 65 66 00 Internal length = 791not written Success
8:916  0:008   -> SSDT-x1_5-ApHwp.aml
8:916  0:000        * 3DF0D198: 'SSDT', 'HwpLvt', Rev: 2, Len: 1828  53 53 44 54 24 07 00 00 02 CA 50 6D 52 65 66 00 Internal length = 1828not written Success
8:927  0:011   -> SSDT-x1_6-HwpLvt.aml
8:927  0:000  
8:927  0:000    7. 306D1BE0: 'SSDT', 'A M I', Rev: 1, Len: 41691 -> SSDT-2-A M I.amlnot written Success
8:936  0:008  
8:936  0:000    8. 306DBEC0: 'SSDT', 'A M I', Rev: 2, Len: 12743 -> SSDT-3-A M I.amlnot written Success
8:944  0:007  
8:944  0:000    9. 306DF088: 'SSDT', 'A M I', Rev: 2, Len: 9048 -> SSDT-4-A M I.amlnot written Success
8:952  0:007  
8:952  0:000    10. 306E13E0: 'HPET', 'A M I', Rev: 1, Len: 56 -> HPET.amlnot written Success
8:964  0:011  
8:964  0:000    11. 306E1418: 'SSDT', 'A M I', Rev: 2, Len: 3998 -> SSDT-5-A M I.amlnot written Success
8:972  0:007  
8:972  0:000    12. 306E23B8: 'SSDT', 'A M I', Rev: 2, Len: 11547 -> SSDT-6-A M I.amlnot written Success
8:980  0:008  
8:980  0:000    13. 306E50D8: 'UEFI', 'A M I', Rev: 1, Len: 72 -> UEFI.amlnot written Success
8:988  0:007  
8:988  0:000    14. 306E5120: 'LPIT', 'A M I', Rev: 1, Len: 92 -> LPIT.amlnot written Success
8:996  0:007  
8:996  0:000    15. 306E5180: 'SSDT', 'A M I', Rev: 2, Len: 10206 -> SSDT-7-A M I.amlnot written Success
9:004  0:007  
9:004  0:000    16. 306E7960: 'SSDT', 'A M I', Rev: 2, Len: 4094 -> SSDT-8-A M I.amlnot written Success
9:011  0:007  
9:011  0:000    17. 306E8960: 'DBGP', 'A M I', Rev: 1, Len: 52 -> DBGP.amlnot written Success
9:019  0:007  
9:019  0:000    18. 306E8998: 'DBG2', 'A M I', Rev: 0, Len: 84 -> DBG2.amlnot written Success
9:031  0:011  
9:031  0:000    19. 306E89F0: 'VFCT', 'A M I', Rev: 1, Len: 60548 -> VFCT.amlnot written Success
9:039  0:008  
9:039  0:000    20. 306F7678: 'BGRT', 'A M I', Rev: 1, Len: 56 -> BGRT.amlnot written Success
9:047  0:008  
9:047  0:000    21. 306F76B0: 'WSMT', 'A M I', Rev: 1, Len: 40 -> WSMT.amlnot written Success
9:059  0:011  
9:059  0:000    Tables in Rsdt: 22
9:059  0:000    0. 3068F190: 'FACP', 'A M I', Rev: 2, Len: 132 -> RSDT-FACP.amlnot written Success
9:069  0:010  
9:069  0:000        (Dsdt: 3068F218, Facs: 3E0F6040)
9:069  0:000        3068F218: 'DSDT', 'A M I', Rev: 2, Len: 265391
9:071  0:002        3E0F6040: 'FACS', Ver: 0, Len: 64 -> RSDT-FACS.amlnot written Success
9:079  0:007  
9:079  0:000    1. 306CFFE0: 'APIC', 'A M I', Rev: 4, Len: 244
9:079  0:000    2. 306D00D8: 'FPDT', 'A M I', Rev: 1, Len: 68
9:079  0:000    3. 306D0120: 'FIDT', 'A M I', Rev: 1, Len: 156
9:079  0:000    4. 306D01C0: 'MCFG', 'A M I', Rev: 1, Len: 60
9:079  0:000    5. 306D0200: 'SSDT', 'A M I', Rev: 1, Len: 516
9:079  0:000    6. 306D0408: 'SSDT', 'A M I', Rev: 2, Len: 6101
9:079  0:000    7. 306D1BE0: 'SSDT', 'A M I', Rev: 1, Len: 41691
9:079  0:000    8. 306DBEC0: 'SSDT', 'A M I', Rev: 2, Len: 12743
9:079  0:000    9. 306DF088: 'SSDT', 'A M I', Rev: 2, Len: 9048
9:079  0:000    10. 306E13E0: 'HPET', 'A M I', Rev: 1, Len: 56
9:079  0:000    11. 306E1418: 'SSDT', 'A M I', Rev: 2, Len: 3998
9:079  0:000    12. 306E23B8: 'SSDT', 'A M I', Rev: 2, Len: 11547
9:079  0:000    13. 306E50D8: 'UEFI', 'A M I', Rev: 1, Len: 72
9:079  0:000    14. 306E5120: 'LPIT', 'A M I', Rev: 1, Len: 92
9:079  0:000    15. 306E5180: 'SSDT', 'A M I', Rev: 2, Len: 10206
9:079  0:000    16. 306E7960: 'SSDT', 'A M I', Rev: 2, Len: 4094
9:079  0:000    17. 306E8960: 'DBGP', 'A M I', Rev: 1, Len: 52
9:079  0:000    18. 306E8998: 'DBG2', 'A M I', Rev: 0, Len: 84
9:079  0:000    19. 306E89F0: 'VFCT', 'A M I', Rev: 1, Len: 60548
9:079  0:000    20. 306F7678: 'BGRT', 'A M I', Rev: 1, Len: 56
9:079  0:000    21. 306F76B0: 'WSMT', 'A M I', Rev: 1, Len: 40
9:079  0:000  Found UEFI Acpi 1.0 RSDP at 3068F000
9:079  0:000  Printing ACPI tables from RSDP 3068F000 ...
9:079  0:000   3068F000: 'RSD PTR ', Rev: 2 (Acpi 2.0 or newer), Len: 36
9:079  0:000    (Xsdt: 3068F0A8, Rsdt: 3068F028)
9:079  0:000    3068F0A8: 'XSDT', 'A M I', Rev: 1, Len: 212
9:079  0:000    3068F028: 'RSDT', 'A M I', Rev: 1, Len: 124
9:079  0:000    Tables in Xsdt: 22
9:079  0:000    0. 306CFEC8: 'FACP', 'A M I', Rev: 6, Len: 276
9:079  0:000        (Dsdt: 3068F218, Facs: 3E0F6080, XDsdt: 3068F218, XFacs: 0)
9:079  0:000        3068F218: 'DSDT', 'A M I', Rev: 2, Len: 265391
9:081  0:002        3E0F6080: 'FACS', Ver: 2, Len: 64
9:081  0:000    1. 306CFFE0: 'APIC', 'A M I', Rev: 4, Len: 244
9:081  0:000    2. 306D00D8: 'FPDT', 'A M I', Rev: 1, Len: 68
9:081  0:000    3. 306D0120: 'FIDT', 'A M I', Rev: 1, Len: 156
9:081  0:000    4. 306D01C0: 'MCFG', 'A M I', Rev: 1, Len: 60
9:081  0:000    5. 306D0200: 'SSDT', 'A M I', Rev: 1, Len: 516
9:081  0:000    6. 306D0408: 'SSDT', 'A M I', Rev: 2, Len: 6101
9:081  0:000    7. 306D1BE0: 'SSDT', 'A M I', Rev: 1, Len: 41691
9:081  0:000    8. 306DBEC0: 'SSDT', 'A M I', Rev: 2, Len: 12743
9:081  0:000    9. 306DF088: 'SSDT', 'A M I', Rev: 2, Len: 9048
9:081  0:000    10. 306E13E0: 'HPET', 'A M I', Rev: 1, Len: 56
9:081  0:000    11. 306E1418: 'SSDT', 'A M I', Rev: 2, Len: 3998
9:081  0:000    12. 306E23B8: 'SSDT', 'A M I', Rev: 2, Len: 11547
9:081  0:000    13. 306E50D8: 'UEFI', 'A M I', Rev: 1, Len: 72
9:081  0:000    14. 306E5120: 'LPIT', 'A M I', Rev: 1, Len: 92
9:081  0:000    15. 306E5180: 'SSDT', 'A M I', Rev: 2, Len: 10206
9:081  0:000    16. 306E7960: 'SSDT', 'A M I', Rev: 2, Len: 4094
9:081  0:000    17. 306E8960: 'DBGP', 'A M I', Rev: 1, Len: 52
9:081  0:000    18. 306E8998: 'DBG2', 'A M I', Rev: 0, Len: 84
9:081  0:000    19. 306E89F0: 'VFCT', 'A M I', Rev: 1, Len: 60548
9:081  0:000    20. 306F7678: 'BGRT', 'A M I', Rev: 1, Len: 56
9:081  0:000    21. 306F76B0: 'WSMT', 'A M I', Rev: 1, Len: 40
9:081  0:000    Tables in Rsdt: 22
9:081  0:000    0. 3068F190: 'FACP', 'A M I', Rev: 2, Len: 132
9:081  0:000        (Dsdt: 3068F218, Facs: 3E0F6040)
9:081  0:000        3068F218: 'DSDT', 'A M I', Rev: 2, Len: 265391
9:084  0:002        3E0F6040: 'FACS', Ver: 0, Len: 64
9:084  0:000    1. 306CFFE0: 'APIC', 'A M I', Rev: 4, Len: 244
9:084  0:000    2. 306D00D8: 'FPDT', 'A M I', Rev: 1, Len: 68
9:084  0:000    3. 306D0120: 'FIDT', 'A M I', Rev: 1, Len: 156
9:084  0:000    4. 306D01C0: 'MCFG', 'A M I', Rev: 1, Len: 60
9:084  0:000    5. 306D0200: 'SSDT', 'A M I', Rev: 1, Len: 516
9:084  0:000    6. 306D0408: 'SSDT', 'A M I', Rev: 2, Len: 6101
9:084  0:000    7. 306D1BE0: 'SSDT', 'A M I', Rev: 1, Len: 41691
9:084  0:000    8. 306DBEC0: 'SSDT', 'A M I', Rev: 2, Len: 12743
9:084  0:000    9. 306DF088: 'SSDT', 'A M I', Rev: 2, Len: 9048
9:084  0:000    10. 306E13E0: 'HPET', 'A M I', Rev: 1, Len: 56
9:084  0:000    11. 306E1418: 'SSDT', 'A M I', Rev: 2, Len: 3998
9:084  0:000    12. 306E23B8: 'SSDT', 'A M I', Rev: 2, Len: 11547
9:084  0:000    13. 306E50D8: 'UEFI', 'A M I', Rev: 1, Len: 72
9:084  0:000    14. 306E5120: 'LPIT', 'A M I', Rev: 1, Len: 92
9:084  0:000    15. 306E5180: 'SSDT', 'A M I', Rev: 2, Len: 10206
9:084  0:000    16. 306E7960: 'SSDT', 'A M I', Rev: 2, Len: 4094
9:084  0:000    17. 306E8960: 'DBGP', 'A M I', Rev: 1, Len: 52
9:084  0:000    18. 306E8998: 'DBG2', 'A M I', Rev: 0, Len: 84
9:084  0:000    19. 306E89F0: 'VFCT', 'A M I', Rev: 1, Len: 60548
9:084  0:000    20. 306F7678: 'BGRT', 'A M I', Rev: 1, Len: 56
9:084  0:000    21. 306F76B0: 'WSMT', 'A M I', Rev: 1, Len: 40
9:094  0:010  not written Success
